# JRE version: OpenJDK Runtime Environment (11.0.7+10) (build 11.0.7+10-post-Ubuntu-2ubuntu218.04)
# Java VM: OpenJDK 64-Bit Server VM (11.0.7+10-post-Ubuntu-2ubuntu218.04, mixed mode, sharing, tiered, compressed oops, g1 gc, linux-amd64)
Heap:
 garbage-first heap   total 252928K, used 60850K [0x00000000a0000000, 0x0000000100000000)
  region size 1024K, 1 young (1024K), 1 survivors (1024K)
 Metaspace       used 61502K, capacity 63409K, committed 63696K, reserved 1103872K
  class space    used 8387K, capacity 9061K, committed 9088K, reserved 1048576K
GC Heap History (20 events):
Event: 70,087 GC heap after
{Heap after GC invocations=12 (full 0):
 garbage-first heap   total 129024K, used 48420K [0x00000000a0000000, 0x0000000100000000)
  region size 1024K, 8 young (8192K), 8 survivors (8192K)
 Metaspace       used 52830K, capacity 54208K, committed 54608K, reserved 1095680K
  class space    used 7097K, capacity 7557K, committed 7680K, reserved 1048576K
}
Event: 136,945 GC heap before
{Heap before GC invocations=12 (full 0):
 garbage-first heap   total 129024K, used 99620K [0x00000000a0000000, 0x0000000100000000)
  region size 1024K, 58 young (59392K), 8 survivors (8192K)
 Metaspace       used 57465K, capacity 58890K, committed 59216K, reserved 1099776K
  class space    used 7800K, capacity 8332K, committed 8448K, reserved 1048576K
}
Event: 137,631 GC heap after
{Heap after GC invocations=13 (full 0):
 garbage-first heap   total 129024K, used 52019K [0x00000000a0000000, 0x0000000100000000)
  region size 1024K, 8 young (8192K), 8 survivors (8192K)
 Metaspace       used 57465K, capacity 58890K, committed 59216K, reserved 1099776K
  class space    used 7800K, capacity 8332K, committed 8448K, reserved 1048576K
}
Event: 265,706 GC heap before
{Heap before GC invocations=13 (full 0):
 garbage-first heap   total 129024K, used 77619K [0x00000000a0000000, 0x0000000100000000)
  region size 1024K, 34 young (34816K), 8 survivors (8192K)
 Metaspace       used 58707K, capacity 60190K, committed 60240K, reserved 1101824K
  class space    used 7920K, capacity 8430K, committed 8448K, reserved 1048576K
}
Event: 266,431 GC heap after
{Heap after GC invocations=14 (full 0):
 garbage-first heap   total 155648K, used 54931K [0x00000000a0000000, 0x0000000100000000)
  region size 1024K, 7 young (7168K), 7 survivors (7168K)
 Metaspace       used 58707K, capacity 60190K, committed 60240K, reserved 1101824K
  class space    used 7920K, capacity 8430K, committed 8448K, reserved 1048576K
}
Event: 268,193 GC heap before
{Heap before GC invocations=14 (full 0):
 garbage-first heap   total 155648K, used 55955K [0x00000000a0000000, 0x0000000100000000)
  region size 1024K, 8 young (8192K), 7 survivors (7168K)
 Metaspace       used 58708K, capacity 60228K, committed 60496K, reserved 1101824K
  class space    used 7916K, capacity 8422K, committed 8448K, reserved 1048576K
}
Event: 268,202 GC heap after
{Heap after GC invocations=15 (full 0):
 garbage-first heap   total 155648K, used 55648K [0x00000000a0000000, 0x0000000100000000)
  region size 1024K, 1 young (1024K), 1 survivors (1024K)
 Metaspace       used 58708K, capacity 60228K, committed 60496K, reserved 1101824K
  class space    used 7916K, capacity 8422K, committed 8448K, reserved 1048576K
}
Event: 423,183 GC heap before
{Heap before GC invocations=16 (full 0):
 garbage-first heap   total 155648K, used 114016K [0x00000000a0000000, 0x0000000100000000)
  region size 1024K, 59 young (60416K), 1 survivors (1024K)
 Metaspace       used 61015K, capacity 62874K, committed 63184K, reserved 1103872K
  class space    used 8328K, capacity 8990K, committed 9088K, reserved 1048576K
}
Event: 425,004 GC heap after
{Heap after GC invocations=17 (full 0):
 garbage-first heap   total 155648K, used 59292K [0x00000000a0000000, 0x0000000100000000)
  region size 1024K, 5 young (5120K), 5 survivors (5120K)
 Metaspace       used 61015K, capacity 62874K, committed 63184K, reserved 1103872K
  class space    used 8328K, capacity 8990K, committed 9088K, reserved 1048576K
}
Event: 426,959 GC heap before
{Heap before GC invocations=17 (full 0):
 garbage-first heap   total 155648K, used 61340K [0x00000000a0000000, 0x0000000100000000)
  region size 1024K, 7 young (7168K), 5 survivors (5120K)
 Metaspace       used 61018K, capacity 62874K, committed 63184K, reserved 1103872K
  class space    used 8328K, capacity 8990K, committed 9088K, reserved 1048576K
}
Event: 426,966 GC heap after
{Heap after GC invocations=18 (full 0):
 garbage-first heap   total 155648K, used 59892K [0x00000000a0000000, 0x0000000100000000)
  region size 1024K, 1 young (1024K), 1 survivors (1024K)
 Metaspace       used 61018K, capacity 62874K, committed 63184K, reserved 1103872K
  class space    used 8328K, capacity 8990K, committed 9088K, reserved 1048576K
}
Event: 428,912 GC heap before
{Heap before GC invocations=18 (full 0):
 garbage-first heap   total 155648K, used 65012K [0x00000000a0000000, 0x0000000100000000)
  region size 1024K, 7 young (7168K), 1 survivors (1024K)
 Metaspace       used 61048K, capacity 62939K, committed 63184K, reserved 1103872K
  class space    used 8328K, capacity 8990K, committed 9088K, reserved 1048576K
}
Event: 428,915 GC heap after
{Heap after GC invocations=19 (full 0):
 garbage-first heap   total 155648K, used 59731K [0x00000000a0000000, 0x0000000100000000)
  region size 1024K, 1 young (1024K), 1 survivors (1024K)
 Metaspace       used 61048K, capacity 62939K, committed 63184K, reserved 1103872K
  class space    used 8328K, capacity 8990K, committed 9088K, reserved 1048576K
}
Event: 429,943 GC heap before
{Heap before GC invocations=19 (full 0):
 garbage-first heap   total 155648K, used 65875K [0x00000000a0000000, 0x0000000100000000)
  region size 1024K, 7 young (7168K), 1 survivors (1024K)
 Metaspace       used 61093K, capacity 62939K, committed 63184K, reserved 1103872K
  class space    used 8329K, capacity 8990K, committed 9088K, reserved 1048576K
}
Event: 429,946 GC heap after
{Heap after GC invocations=20 (full 0):
 garbage-first heap   total 155648K, used 60035K [0x00000000a0000000, 0x0000000100000000)
  region size 1024K, 1 young (1024K), 1 survivors (1024K)
 Metaspace       used 61093K, capacity 62939K, committed 63184K, reserved 1103872K
  class space    used 8329K, capacity 8990K, committed 9088K, reserved 1048576K
}
Event: 945,842 GC heap before
{Heap before GC invocations=20 (full 0):
 garbage-first heap   total 155648K, used 79491K [0x00000000a0000000, 0x0000000100000000)
  region size 1024K, 21 young (21504K), 1 survivors (1024K)
 Metaspace       used 61389K, capacity 63271K, committed 63440K, reserved 1103872K
  class space    used 8365K, capacity 9058K, committed 9088K, reserved 1048576K
}
Event: 955,541 GC heap after
{Heap after GC invocations=21 (full 0):
 garbage-first heap   total 155648K, used 60815K [0x00000000a0000000, 0x0000000100000000)
  region size 1024K, 2 young (2048K), 2 survivors (2048K)
 Metaspace       used 61389K, capacity 63271K, committed 63440K, reserved 1103872K
  class space    used 8365K, capacity 9058K, committed 9088K, reserved 1048576K
}
Event: 1055,383 GC heap before
{Heap before GC invocations=21 (full 0):
 garbage-first heap   total 155648K, used 64911K [0x00000000a0000000, 0x0000000100000000)
  region size 1024K, 7 young (7168K), 2 survivors (2048K)
 Metaspace       used 61462K, capacity 63341K, committed 63440K, reserved 1103872K
  class space    used 8380K, capacity 9060K, committed 9088K, reserved 1048576K
}
Event: 1071,311 GC heap after
{Heap after GC invocations=22 (full 0):
 garbage-first heap   total 155648K, used 61008K [0x00000000a0000000, 0x0000000100000000)
  region size 1024K, 1 young (1024K), 1 survivors (1024K)
 Metaspace       used 61462K, capacity 63341K, committed 63440K, reserved 1103872K
  class space    used 8380K, capacity 9060K, committed 9088K, reserved 1048576K
}
Event: 1408,526 GC heap before
{Heap before GC invocations=22 (full 0):
 garbage-first heap   total 155648K, used 67152K [0x00000000a0000000, 0x0000000100000000)
  region size 1024K, 7 young (7168K), 1 survivors (1024K)
 Metaspace       used 61502K, capacity 63409K, committed 63696K, reserved 1103872K
  class space    used 8387K, capacity 9061K, committed 9088K, reserved 1048576K
}

